Number of model parameters: 65960814
Epoch: [0][0/6000]	Time 9.646 (9.646)	Loss 7.1521 (7.1521)
Epoch: [0][10/6000]	Time 1.027 (1.855)	Loss 3.3965 (4.7625)
Epoch: [0][20/6000]	Time 1.035 (1.464)	Loss 2.5809 (3.8151)
Epoch: [0][30/6000]	Time 1.034 (1.325)	Loss 2.9858 (3.4580)
Epoch: [0][40/6000]	Time 1.031 (1.254)	Loss 2.6950 (3.2021)
Epoch: [0][50/6000]	Time 1.038 (1.211)	Loss 3.3798 (3.0703)
Epoch: [0][60/6000]	Time 1.039 (1.183)	Loss 2.7929 (2.9749)
Epoch: [0][70/6000]	Time 1.041 (1.162)	Loss 2.2289 (2.9509)
Epoch: [0][80/6000]	Time 1.042 (1.147)	Loss 3.1395 (2.9219)
Epoch: [0][90/6000]	Time 1.034 (1.135)	Loss 1.5003 (2.8483)
Epoch: [0][100/6000]	Time 1.039 (1.125)	Loss 1.8183 (2.8243)
Epoch: [0][110/6000]	Time 1.042 (1.117)	Loss 2.7730 (2.8105)
Epoch: [0][120/6000]	Time 1.041 (1.111)	Loss 2.7363 (2.7607)
Epoch: [0][130/6000]	Time 1.034 (1.105)	Loss 2.7401 (2.7508)
Epoch: [0][140/6000]	Time 1.036 (1.100)	Loss 1.7289 (2.7248)
Epoch: [0][150/6000]	Time 1.042 (1.096)	Loss 3.7673 (2.7116)
Epoch: [0][160/6000]	Time 1.039 (1.093)	Loss 2.3126 (2.7271)
Epoch: [0][170/6000]	Time 1.035 (1.090)	Loss 1.9760 (2.7195)
Epoch: [0][180/6000]	Time 1.039 (1.087)	Loss 2.3271 (2.7047)
Epoch: [0][190/6000]	Time 1.041 (1.084)	Loss 2.6315 (2.7048)
Epoch: [0][200/6000]	Time 1.035 (1.082)	Loss 2.7371 (2.7041)
Epoch: [0][210/6000]	Time 1.036 (1.080)	Loss 2.1504 (2.6909)
Epoch: [0][220/6000]	Time 1.040 (1.078)	Loss 2.7753 (2.6887)
Epoch: [0][230/6000]	Time 1.038 (1.076)	Loss 1.2653 (2.6802)
Epoch: [0][240/6000]	Time 1.038 (1.075)	Loss 1.6944 (2.6652)
Epoch: [0][250/6000]	Time 1.044 (1.073)	Loss 2.4594 (2.6435)
Epoch: [0][260/6000]	Time 1.041 (1.072)	Loss 1.9231 (2.6365)
Epoch: [0][270/6000]	Time 1.038 (1.071)	Loss 1.6677 (2.6260)
Epoch: [0][280/6000]	Time 1.040 (1.070)	Loss 1.3676 (2.6040)
Epoch: [0][290/6000]	Time 1.040 (1.069)	Loss 3.3762 (2.5865)
Epoch: [0][300/6000]	Time 1.039 (1.068)	Loss 3.1204 (2.5740)
Epoch: [0][310/6000]	Time 1.039 (1.067)	Loss 2.2761 (2.5651)
Epoch: [0][320/6000]	Time 1.044 (1.066)	Loss 2.1136 (2.5604)
Epoch: [0][330/6000]	Time 1.041 (1.065)	Loss 3.5099 (2.5596)
Epoch: [0][340/6000]	Time 1.042 (1.064)	Loss 2.0414 (2.5558)
Epoch: [0][350/6000]	Time 1.040 (1.064)	Loss 1.9251 (2.5500)
Epoch: [0][360/6000]	Time 1.042 (1.063)	Loss 2.0843 (2.5524)
Epoch: [0][370/6000]	Time 1.038 (1.062)	Loss 3.2379 (2.5673)
Epoch: [0][380/6000]	Time 1.044 (1.062)	Loss 1.4460 (2.5622)
Epoch: [0][390/6000]	Time 1.042 (1.061)	Loss 2.4567 (2.5613)
Epoch: [0][400/6000]	Time 1.042 (1.061)	Loss 2.0637 (2.5582)
Epoch: [0][410/6000]	Time 1.041 (1.060)	Loss 2.7421 (2.5530)
Epoch: [0][420/6000]	Time 1.038 (1.060)	Loss 2.7609 (2.5482)
Epoch: [0][430/6000]	Time 1.035 (1.059)	Loss 2.8729 (2.5498)
Epoch: [0][440/6000]	Time 1.037 (1.059)	Loss 2.6462 (2.5495)
Epoch: [0][450/6000]	Time 1.041 (1.058)	Loss 2.8719 (2.5413)
Epoch: [0][460/6000]	Time 1.038 (1.058)	Loss 1.6560 (2.5343)
Epoch: [0][470/6000]	Time 1.043 (1.057)	Loss 2.2236 (2.5368)
Epoch: [0][480/6000]	Time 1.034 (1.057)	Loss 2.4266 (2.5351)
Epoch: [0][490/6000]	Time 1.032 (1.056)	Loss 2.5259 (2.5303)
Epoch: [0][500/6000]	Time 1.039 (1.056)	Loss 3.9630 (2.5444)
Epoch: [0][510/6000]	Time 1.028 (1.056)	Loss 1.8105 (2.5373)
Epoch: [0][520/6000]	Time 1.033 (1.055)	Loss 2.3045 (2.5321)
Epoch: [0][530/6000]	Time 1.035 (1.055)	Loss 2.0399 (2.5275)
Epoch: [0][540/6000]	Time 1.023 (1.055)	Loss 2.4235 (2.5242)
Epoch: [0][550/6000]	Time 1.037 (1.054)	Loss 2.2383 (2.5210)
Epoch: [0][560/6000]	Time 1.037 (1.054)	Loss 3.2615 (2.5236)
Epoch: [0][570/6000]	Time 1.037 (1.054)	Loss 2.8318 (2.5214)
Epoch: [0][580/6000]	Time 1.036 (1.054)	Loss 2.0439 (2.5193)
Epoch: [0][590/6000]	Time 1.033 (1.053)	Loss 2.0410 (2.5226)
Epoch: [0][600/6000]	Time 1.043 (1.053)	Loss 2.6311 (2.5214)
Epoch: [0][610/6000]	Time 1.045 (1.053)	Loss 3.3574 (2.5228)
Epoch: [0][620/6000]	Time 1.033 (1.053)	Loss 2.7108 (2.5207)
Epoch: [0][630/6000]	Time 1.038 (1.052)	Loss 2.4573 (2.5152)
Epoch: [0][640/6000]	Time 1.038 (1.052)	Loss 1.9931 (2.5131)
Epoch: [0][650/6000]	Time 1.040 (1.052)	Loss 2.1466 (2.5164)
Epoch: [0][660/6000]	Time 1.043 (1.052)	Loss 2.8658 (2.5147)
Epoch: [0][670/6000]	Time 1.043 (1.052)	Loss 1.3609 (2.5075)
Epoch: [0][680/6000]	Time 1.038 (1.051)	Loss 2.8267 (2.5093)
Epoch: [0][690/6000]	Time 1.042 (1.051)	Loss 2.4171 (2.5066)
Epoch: [0][700/6000]	Time 1.040 (1.051)	Loss 2.9841 (2.5032)
Epoch: [0][710/6000]	Time 1.036 (1.051)	Loss 2.4131 (2.5023)
Epoch: [0][720/6000]	Time 1.040 (1.051)	Loss 1.9015 (2.4986)
Epoch: [0][730/6000]	Time 1.039 (1.051)	Loss 1.5178 (2.4956)
Epoch: [0][740/6000]	Time 1.041 (1.050)	Loss 3.5426 (2.4999)
Epoch: [0][750/6000]	Time 1.042 (1.050)	Loss 2.4064 (2.5023)
Epoch: [0][760/6000]	Time 1.035 (1.050)	Loss 3.7572 (2.5044)
Epoch: [0][770/6000]	Time 1.042 (1.050)	Loss 2.0634 (2.5013)
Epoch: [0][780/6000]	Time 1.035 (1.050)	Loss 2.4271 (2.4967)
Epoch: [0][790/6000]	Time 1.039 (1.050)	Loss 3.7245 (2.4989)
Epoch: [0][800/6000]	Time 1.037 (1.050)	Loss 2.9449 (2.5007)
Epoch: [0][810/6000]	Time 1.038 (1.049)	Loss 2.0567 (2.4930)
Epoch: [0][820/6000]	Time 1.038 (1.049)	Loss 2.1047 (2.4950)
Epoch: [0][830/6000]	Time 1.038 (1.049)	Loss 1.7712 (2.4927)
Epoch: [0][840/6000]	Time 1.037 (1.049)	Loss 2.8998 (2.4937)
Epoch: [0][850/6000]	Time 1.037 (1.049)	Loss 3.8513 (2.4929)
Epoch: [0][860/6000]	Time 1.036 (1.049)	Loss 3.1459 (2.4923)
Epoch: [0][870/6000]	Time 1.037 (1.049)	Loss 1.7550 (2.4920)
Epoch: [0][880/6000]	Time 1.039 (1.049)	Loss 2.5865 (2.4912)
Epoch: [0][890/6000]	Time 1.041 (1.048)	Loss 2.8737 (2.4895)
Epoch: [0][900/6000]	Time 1.040 (1.048)	Loss 3.7366 (2.4931)
Epoch: [0][910/6000]	Time 1.039 (1.048)	Loss 3.5043 (2.4959)
Epoch: [0][920/6000]	Time 1.042 (1.048)	Loss 2.7322 (2.4936)
Epoch: [0][930/6000]	Time 1.040 (1.048)	Loss 1.6447 (2.4883)
Epoch: [0][940/6000]	Time 1.038 (1.048)	Loss 2.8248 (2.4887)
Epoch: [0][950/6000]	Time 1.043 (1.048)	Loss 2.2077 (2.4843)
Epoch: [0][960/6000]	Time 1.036 (1.048)	Loss 2.3284 (2.4792)
Epoch: [0][970/6000]	Time 1.034 (1.048)	Loss 2.5102 (2.4761)
Epoch: [0][980/6000]	Time 1.036 (1.047)	Loss 2.0117 (2.4740)
Epoch: [0][990/6000]	Time 1.036 (1.047)	Loss 2.9370 (2.4770)
Epoch: [0][1000/6000]	Time 1.033 (1.047)	Loss 1.5015 (2.4776)
Epoch: [0][1010/6000]	Time 1.037 (1.047)	Loss 2.0026 (2.4764)
Epoch: [0][1020/6000]	Time 1.038 (1.047)	Loss 3.1939 (2.4779)
Epoch: [0][1030/6000]	Time 1.035 (1.047)	Loss 2.0818 (2.4771)
Epoch: [0][1040/6000]	Time 1.038 (1.047)	Loss 3.3856 (2.4762)
Epoch: [0][1050/6000]	Time 1.041 (1.047)	Loss 2.7452 (2.4789)
Epoch: [0][1060/6000]	Time 1.046 (1.047)	Loss 1.4198 (2.4761)
Epoch: [0][1070/6000]	Time 1.036 (1.047)	Loss 2.5340 (2.4762)
Epoch: [0][1080/6000]	Time 1.038 (1.047)	Loss 2.3359 (2.4768)
Epoch: [0][1090/6000]	Time 1.038 (1.046)	Loss 1.8092 (2.4746)
Epoch: [0][1100/6000]	Time 1.037 (1.046)	Loss 1.9940 (2.4731)
Epoch: [0][1110/6000]	Time 1.039 (1.046)	Loss 2.3096 (2.4722)
Epoch: [0][1120/6000]	Time 1.038 (1.046)	Loss 1.5048 (2.4697)
Epoch: [0][1130/6000]	Time 1.035 (1.046)	Loss 3.0540 (2.4729)
Epoch: [0][1140/6000]	Time 1.038 (1.046)	Loss 2.2821 (2.4724)
Epoch: [0][1150/6000]	Time 1.035 (1.046)	Loss 2.1415 (2.4706)
Epoch: [0][1160/6000]	Time 1.035 (1.046)	Loss 3.4350 (2.4688)
Epoch: [0][1170/6000]	Time 1.031 (1.046)	Loss 2.6031 (2.4725)
Epoch: [0][1180/6000]	Time 1.038 (1.046)	Loss 2.0948 (2.4717)
Epoch: [0][1190/6000]	Time 1.041 (1.046)	Loss 3.3321 (2.4735)
Epoch: [0][1200/6000]	Time 1.037 (1.046)	Loss 2.6409 (2.4722)
Epoch: [0][1210/6000]	Time 1.034 (1.046)	Loss 2.1702 (2.4691)
Epoch: [0][1220/6000]	Time 1.041 (1.046)	Loss 2.8254 (2.4673)
Epoch: [0][1230/6000]	Time 1.043 (1.046)	Loss 1.3198 (2.4654)
Epoch: [0][1240/6000]	Time 1.039 (1.045)	Loss 3.3650 (2.4662)
Epoch: [0][1250/6000]	Time 1.032 (1.045)	Loss 2.9582 (2.4675)
Epoch: [0][1260/6000]	Time 1.037 (1.045)	Loss 2.5045 (2.4655)
Epoch: [0][1270/6000]	Time 1.031 (1.045)	Loss 2.2126 (2.4642)
Epoch: [0][1280/6000]	Time 1.036 (1.045)	Loss 2.8546 (2.4641)
Epoch: [0][1290/6000]	Time 1.031 (1.045)	Loss 1.8186 (2.4614)
Epoch: [0][1300/6000]	Time 1.036 (1.045)	Loss 2.7230 (2.4602)
Epoch: [0][1310/6000]	Time 1.038 (1.045)	Loss 1.8604 (2.4583)
Epoch: [0][1320/6000]	Time 1.042 (1.045)	Loss 1.5330 (2.4561)
Epoch: [0][1330/6000]	Time 1.035 (1.045)	Loss 2.3385 (2.4582)
Epoch: [0][1340/6000]	Time 1.042 (1.045)	Loss 2.7958 (2.4567)
Epoch: [0][1350/6000]	Time 1.037 (1.045)	Loss 1.8645 (2.4559)
Epoch: [0][1360/6000]	Time 1.036 (1.045)	Loss 2.3408 (2.4540)
Epoch: [0][1370/6000]	Time 1.031 (1.045)	Loss 1.6904 (2.4538)
Epoch: [0][1380/6000]	Time 1.040 (1.045)	Loss 2.1177 (2.4517)
Epoch: [0][1390/6000]	Time 1.035 (1.045)	Loss 2.5263 (2.4489)
Epoch: [0][1400/6000]	Time 1.043 (1.045)	Loss 3.0627 (2.4486)
Epoch: [0][1410/6000]	Time 1.038 (1.045)	Loss 2.5362 (2.4478)
Epoch: [0][1420/6000]	Time 1.039 (1.045)	Loss 1.1434 (2.4474)
Epoch: [0][1430/6000]	Time 1.040 (1.044)	Loss 3.1058 (2.4480)
Epoch: [0][1440/6000]	Time 1.038 (1.044)	Loss 1.8797 (2.4464)
Epoch: [0][1450/6000]	Time 1.041 (1.044)	Loss 1.2099 (2.4448)
Epoch: [0][1460/6000]	Time 1.042 (1.044)	Loss 1.8137 (2.4448)
Epoch: [0][1470/6000]	Time 1.038 (1.044)	Loss 1.4299 (2.4432)
Epoch: [0][1480/6000]	Time 1.034 (1.044)	Loss 1.3320 (2.4427)
Epoch: [0][1490/6000]	Time 1.036 (1.044)	Loss 1.6309 (2.4430)
Epoch: [0][1500/6000]	Time 1.040 (1.044)	Loss 1.8575 (2.4404)
Epoch: [0][1510/6000]	Time 1.035 (1.044)	Loss 1.1759 (2.4399)
Epoch: [0][1520/6000]	Time 1.036 (1.044)	Loss 1.7211 (2.4385)
Epoch: [0][1530/6000]	Time 1.040 (1.044)	Loss 2.7953 (2.4366)
Epoch: [0][1540/6000]	Time 1.041 (1.044)	Loss 1.4845 (2.4357)
Epoch: [0][1550/6000]	Time 1.035 (1.044)	Loss 3.1324 (2.4363)
Epoch: [0][1560/6000]	Time 1.035 (1.044)	Loss 3.5449 (2.4374)
Epoch: [0][1570/6000]	Time 1.039 (1.044)	Loss 2.4547 (2.4365)
Epoch: [0][1580/6000]	Time 1.035 (1.044)	Loss 2.0180 (2.4362)
Epoch: [0][1590/6000]	Time 1.037 (1.044)	Loss 1.9101 (2.4366)
Epoch: [0][1600/6000]	Time 1.036 (1.044)	Loss 1.8193 (2.4363)
Epoch: [0][1610/6000]	Time 1.038 (1.044)	Loss 4.1226 (2.4344)
Epoch: [0][1620/6000]	Time 1.034 (1.044)	Loss 1.4917 (2.4337)
Epoch: [0][1630/6000]	Time 1.035 (1.044)	Loss 1.4032 (2.4334)
Epoch: [0][1640/6000]	Time 1.031 (1.044)	Loss 2.7479 (2.4336)
Epoch: [0][1650/6000]	Time 1.039 (1.044)	Loss 2.7621 (2.4317)
Epoch: [0][1660/6000]	Time 1.032 (1.044)	Loss 1.7622 (2.4304)
Epoch: [0][1670/6000]	Time 1.034 (1.044)	Loss 1.4659 (2.4276)
Epoch: [0][1680/6000]	Time 1.034 (1.044)	Loss 2.9201 (2.4284)
Epoch: [0][1690/6000]	Time 1.033 (1.043)	Loss 2.5194 (2.4276)
Epoch: [0][1700/6000]	Time 1.035 (1.043)	Loss 3.0386 (2.4256)
Epoch: [0][1710/6000]	Time 1.037 (1.043)	Loss 2.6015 (2.4237)
Epoch: [0][1720/6000]	Time 1.042 (1.043)	Loss 2.3012 (2.4215)
Epoch: [0][1730/6000]	Time 1.041 (1.043)	Loss 2.0700 (2.4228)
Epoch: [0][1740/6000]	Time 1.042 (1.043)	Loss 1.9585 (2.4204)
Epoch: [0][1750/6000]	Time 1.043 (1.043)	Loss 2.8848 (2.4199)
Epoch: [0][1760/6000]	Time 1.040 (1.043)	Loss 2.4984 (2.4186)
Epoch: [0][1770/6000]	Time 1.040 (1.043)	Loss 1.7972 (2.4193)
Epoch: [0][1780/6000]	Time 1.041 (1.043)	Loss 3.1582 (2.4192)
Epoch: [0][1790/6000]	Time 1.039 (1.043)	Loss 1.7380 (2.4221)
Epoch: [0][1800/6000]	Time 1.043 (1.043)	Loss 2.3879 (2.4226)
Epoch: [0][1810/6000]	Time 1.040 (1.043)	Loss 2.9104 (2.4236)
Epoch: [0][1820/6000]	Time 1.044 (1.043)	Loss 1.9505 (2.4244)
Epoch: [0][1830/6000]	Time 1.037 (1.043)	Loss 1.9466 (2.4247)
Epoch: [0][1840/6000]	Time 1.044 (1.043)	Loss 1.5286 (2.4238)
Epoch: [0][1850/6000]	Time 1.040 (1.043)	Loss 2.5091 (2.4224)
Epoch: [0][1860/6000]	Time 1.036 (1.043)	Loss 3.1845 (2.4237)
Epoch: [0][1870/6000]	Time 1.038 (1.043)	Loss 1.7193 (2.4214)
Epoch: [0][1880/6000]	Time 1.033 (1.043)	Loss 3.3510 (2.4217)
Epoch: [0][1890/6000]	Time 1.036 (1.043)	Loss 2.7044 (2.4214)
Epoch: [0][1900/6000]	Time 1.034 (1.043)	Loss 2.3435 (2.4202)
Epoch: [0][1910/6000]	Time 1.036 (1.043)	Loss 2.4078 (2.4214)
Epoch: [0][1920/6000]	Time 1.033 (1.043)	Loss 3.1061 (2.4211)
Epoch: [0][1930/6000]	Time 1.033 (1.043)	Loss 3.0388 (2.4197)
Epoch: [0][1940/6000]	Time 1.033 (1.043)	Loss 2.4986 (2.4198)
Epoch: [0][1950/6000]	Time 1.035 (1.043)	Loss 3.4577 (2.4212)
Epoch: [0][1960/6000]	Time 1.031 (1.043)	Loss 2.7679 (2.4212)
Epoch: [0][1970/6000]	Time 1.045 (1.043)	Loss 1.5471 (2.4190)
Epoch: [0][1980/6000]	Time 1.036 (1.043)	Loss 2.8819 (2.4180)
Epoch: [0][1990/6000]	Time 1.043 (1.043)	Loss 3.1589 (2.4174)
Epoch: [0][2000/6000]	Time 1.039 (1.043)	Loss 1.9929 (2.4158)
Epoch: [0][2010/6000]	Time 1.035 (1.043)	Loss 1.8084 (2.4166)
Epoch: [0][2020/6000]	Time 1.038 (1.043)	Loss 1.6928 (2.4170)
Epoch: [0][2030/6000]	Time 1.043 (1.043)	Loss 2.6341 (2.4193)
Epoch: [0][2040/6000]	Time 1.036 (1.043)	Loss 2.4809 (2.4178)
Epoch: [0][2050/6000]	Time 1.037 (1.043)	Loss 3.1927 (2.4174)
Epoch: [0][2060/6000]	Time 1.037 (1.042)	Loss 3.2819 (2.4169)
Epoch: [0][2070/6000]	Time 1.037 (1.042)	Loss 1.8070 (2.4159)
Epoch: [0][2080/6000]	Time 1.033 (1.042)	Loss 3.3296 (2.4153)
Epoch: [0][2090/6000]	Time 1.038 (1.042)	Loss 1.3387 (2.4152)
Epoch: [0][2100/6000]	Time 1.038 (1.042)	Loss 2.3489 (2.4154)
Epoch: [0][2110/6000]	Time 1.038 (1.042)	Loss 2.9514 (2.4159)
Epoch: [0][2120/6000]	Time 1.034 (1.042)	Loss 3.4214 (2.4142)
Epoch: [0][2130/6000]	Time 1.036 (1.042)	Loss 1.6872 (2.4147)
Epoch: [0][2140/6000]	Time 1.039 (1.042)	Loss 2.2190 (2.4136)
Epoch: [0][2150/6000]	Time 1.037 (1.042)	Loss 2.2675 (2.4125)
Epoch: [0][2160/6000]	Time 1.037 (1.042)	Loss 2.2370 (2.4138)
Epoch: [0][2170/6000]	Time 1.045 (1.042)	Loss 2.8830 (2.4131)
Epoch: [0][2180/6000]	Time 1.039 (1.042)	Loss 2.1484 (2.4116)
Epoch: [0][2190/6000]	Time 1.043 (1.042)	Loss 3.0109 (2.4106)
Epoch: [0][2200/6000]	Time 1.039 (1.042)	Loss 2.9659 (2.4123)
Epoch: [0][2210/6000]	Time 1.041 (1.042)	Loss 1.3028 (2.4104)
Epoch: [0][2220/6000]	Time 1.046 (1.042)	Loss 2.3528 (2.4083)
Epoch: [0][2230/6000]	Time 1.035 (1.042)	Loss 2.3030 (2.4062)
Epoch: [0][2240/6000]	Time 1.041 (1.042)	Loss 1.8801 (2.4067)
Epoch: [0][2250/6000]	Time 1.034 (1.042)	Loss 1.8116 (2.4070)
Epoch: [0][2260/6000]	Time 1.037 (1.042)	Loss 2.9609 (2.4055)
Epoch: [0][2270/6000]	Time 1.039 (1.042)	Loss 1.0287 (2.4044)
Epoch: [0][2280/6000]	Time 1.032 (1.042)	Loss 3.0658 (2.4038)
Epoch: [0][2290/6000]	Time 1.035 (1.042)	Loss 1.0445 (2.4036)
Epoch: [0][2300/6000]	Time 1.038 (1.042)	Loss 0.6143 (2.4012)
Epoch: [0][2310/6000]	Time 1.038 (1.042)	Loss 3.3252 (2.4008)
Epoch: [0][2320/6000]	Time 1.033 (1.042)	Loss 2.1557 (2.4001)
Epoch: [0][2330/6000]	Time 1.035 (1.042)	Loss 1.1088 (2.3976)
Epoch: [0][2340/6000]	Time 1.031 (1.042)	Loss 1.8673 (2.3945)
Epoch: [0][2350/6000]	Time 1.043 (1.042)	Loss 1.9728 (2.3934)
Epoch: [0][2360/6000]	Time 1.035 (1.042)	Loss 2.3068 (2.3937)
Epoch: [0][2370/6000]	Time 1.036 (1.042)	Loss 2.3281 (2.3928)
Epoch: [0][2380/6000]	Time 1.036 (1.042)	Loss 1.2800 (2.3918)
Epoch: [0][2390/6000]	Time 1.033 (1.042)	Loss 2.0455 (2.3915)
Epoch: [0][2400/6000]	Time 1.039 (1.042)	Loss 1.9339 (2.3923)
Epoch: [0][2410/6000]	Time 1.035 (1.042)	Loss 0.6622 (2.3916)
Epoch: [0][2420/6000]	Time 1.038 (1.042)	Loss 1.8335 (2.3899)
Epoch: [0][2430/6000]	Time 1.040 (1.042)	Loss 2.4139 (2.3901)
Epoch: [0][2440/6000]	Time 1.037 (1.042)	Loss 3.0043 (2.3911)
Epoch: [0][2450/6000]	Time 1.037 (1.042)	Loss 3.0121 (2.3906)
Epoch: [0][2460/6000]	Time 1.038 (1.042)	Loss 1.1087 (2.3886)
Epoch: [0][2470/6000]	Time 1.044 (1.042)	Loss 1.5924 (2.3871)
Epoch: [0][2480/6000]	Time 1.037 (1.042)	Loss 1.2014 (2.3887)
Epoch: [0][2490/6000]	Time 1.041 (1.042)	Loss 1.6335 (2.3865)
Epoch: [0][2500/6000]	Time 1.034 (1.042)	Loss 1.8088 (2.3850)
Epoch: [0][2510/6000]	Time 1.035 (1.042)	Loss 2.0777 (2.3826)
Epoch: [0][2520/6000]	Time 1.037 (1.041)	Loss 3.5315 (2.3825)
Epoch: [0][2530/6000]	Time 1.037 (1.041)	Loss 2.2947 (2.3821)
Epoch: [0][2540/6000]	Time 1.036 (1.041)	Loss 1.4149 (2.3810)
Epoch: [0][2550/6000]	Time 1.030 (1.041)	Loss 1.5747 (2.3811)
Epoch: [0][2560/6000]	Time 1.028 (1.041)	Loss 2.7514 (2.3812)
Epoch: [0][2570/6000]	Time 1.033 (1.041)	Loss 2.1388 (2.3805)
Epoch: [0][2580/6000]	Time 1.038 (1.041)	Loss 2.1340 (2.3797)
Epoch: [0][2590/6000]	Time 1.037 (1.041)	Loss 3.5410 (2.3793)
Epoch: [0][2600/6000]	Time 1.037 (1.041)	Loss 3.6004 (2.3800)
Epoch: [0][2610/6000]	Time 1.033 (1.041)	Loss 1.4974 (2.3801)
Epoch: [0][2620/6000]	Time 1.036 (1.041)	Loss 2.7608 (2.3799)
Epoch: [0][2630/6000]	Time 1.034 (1.041)	Loss 3.4472 (2.3808)
Epoch: [0][2640/6000]	Time 1.035 (1.041)	Loss 2.7912 (2.3794)
Epoch: [0][2650/6000]	Time 1.034 (1.041)	Loss 2.5989 (2.3803)
Epoch: [0][2660/6000]	Time 1.041 (1.041)	Loss 2.8844 (2.3785)
Epoch: [0][2670/6000]	Time 1.038 (1.041)	Loss 2.6957 (2.3794)
Epoch: [0][2680/6000]	Time 1.032 (1.041)	Loss 2.1486 (2.3784)
Epoch: [0][2690/6000]	Time 1.035 (1.041)	Loss 1.4734 (2.3779)
Epoch: [0][2700/6000]	Time 1.040 (1.041)	Loss 0.5099 (2.3767)
Epoch: [0][2710/6000]	Time 1.038 (1.041)	Loss 1.0679 (2.3753)
Epoch: [0][2720/6000]	Time 1.034 (1.041)	Loss 2.2318 (2.3752)
Epoch: [0][2730/6000]	Time 1.042 (1.041)	Loss 2.0589 (2.3743)
Epoch: [0][2740/6000]	Time 1.039 (1.041)	Loss 1.4423 (2.3739)
Epoch: [0][2750/6000]	Time 1.036 (1.041)	Loss 4.0026 (2.3735)
Epoch: [0][2760/6000]	Time 1.033 (1.041)	Loss 1.9728 (2.3729)
Epoch: [0][2770/6000]	Time 1.032 (1.041)	Loss 2.4254 (2.3733)
Epoch: [0][2780/6000]	Time 1.033 (1.041)	Loss 3.0004 (2.3718)
Epoch: [0][2790/6000]	Time 1.037 (1.041)	Loss 2.7898 (2.3722)
Epoch: [0][2800/6000]	Time 1.039 (1.041)	Loss 2.9337 (2.3731)
Epoch: [0][2810/6000]	Time 1.037 (1.041)	Loss 1.8796 (2.3726)
Epoch: [0][2820/6000]	Time 1.038 (1.041)	Loss 1.9067 (2.3727)
Epoch: [0][2830/6000]	Time 1.037 (1.041)	Loss 2.2517 (2.3719)
Epoch: [0][2840/6000]	Time 1.030 (1.041)	Loss 2.3656 (2.3708)
Epoch: [0][2850/6000]	Time 1.040 (1.041)	Loss 3.1609 (2.3701)
Epoch: [0][2860/6000]	Time 1.033 (1.041)	Loss 2.9671 (2.3700)
Epoch: [0][2870/6000]	Time 1.036 (1.041)	Loss 2.2988 (2.3679)
Epoch: [0][2880/6000]	Time 1.035 (1.041)	Loss 2.7887 (2.3673)
Epoch: [0][2890/6000]	Time 1.035 (1.041)	Loss 2.1069 (2.3674)
Epoch: [0][2900/6000]	Time 1.035 (1.041)	Loss 1.4603 (2.3668)
Epoch: [0][2910/6000]	Time 1.033 (1.041)	Loss 2.0244 (2.3659)
Epoch: [0][2920/6000]	Time 1.038 (1.041)	Loss 2.2720 (2.3653)
Epoch: [0][2930/6000]	Time 1.036 (1.041)	Loss 3.7215 (2.3660)
Epoch: [0][2940/6000]	Time 1.036 (1.041)	Loss 3.3453 (2.3667)
Epoch: [0][2950/6000]	Time 1.034 (1.041)	Loss 1.1963 (2.3656)
Epoch: [0][2960/6000]	Time 1.034 (1.041)	Loss 1.1592 (2.3646)
Epoch: [0][2970/6000]	Time 1.033 (1.041)	Loss 3.2543 (2.3636)
Epoch: [0][2980/6000]	Time 1.038 (1.041)	Loss 1.9504 (2.3628)
Epoch: [0][2990/6000]	Time 1.036 (1.041)	Loss 1.5073 (2.3620)
Epoch: [0][3000/6000]	Time 1.038 (1.041)	Loss 2.2774 (2.3623)
Epoch: [0][3010/6000]	Time 1.044 (1.041)	Loss 1.6232 (2.3621)
Epoch: [0][3020/6000]	Time 1.038 (1.041)	Loss 2.5504 (2.3636)
/home/jinqizhao/anaconda2/lib/python2.7/site-packages/PIL/TiffImagePlugin.py:709: UserWarning: Corrupt EXIF data.  Expecting to read 4 bytes but only got 0. 
  warnings.warn(str(msg))
Epoch: [0][3030/6000]	Time 1.034 (1.041)	Loss 1.4443 (2.3621)
Epoch: [0][3040/6000]	Time 1.035 (1.041)	Loss 3.2883 (2.3627)
Epoch: [0][3050/6000]	Time 1.033 (1.041)	Loss 2.0587 (2.3612)
Epoch: [0][3060/6000]	Time 1.032 (1.041)	Loss 1.0953 (2.3609)
Epoch: [0][3070/6000]	Time 1.034 (1.041)	Loss 2.8775 (2.3597)
Epoch: [0][3080/6000]	Time 1.036 (1.041)	Loss 0.7455 (2.3586)
Epoch: [0][3090/6000]	Time 1.038 (1.041)	Loss 1.9494 (2.3576)
Epoch: [0][3100/6000]	Time 1.034 (1.041)	Loss 2.2532 (2.3562)
Epoch: [0][3110/6000]	Time 1.032 (1.040)	Loss 1.8328 (2.3550)
Epoch: [0][3120/6000]	Time 1.035 (1.040)	Loss 1.7871 (2.3550)
Epoch: [0][3130/6000]	Time 1.042 (1.040)	Loss 2.3353 (2.3554)
Epoch: [0][3140/6000]	Time 1.036 (1.040)	Loss 1.7120 (2.3551)
Epoch: [0][3150/6000]	Time 1.040 (1.040)	Loss 2.1806 (2.3547)
Epoch: [0][3160/6000]	Time 1.037 (1.040)	Loss 2.9391 (2.3544)
Epoch: [0][3170/6000]	Time 1.032 (1.040)	Loss 2.2400 (2.3539)
Epoch: [0][3180/6000]	Time 1.029 (1.040)	Loss 2.2089 (2.3543)
Epoch: [0][3190/6000]	Time 1.036 (1.040)	Loss 3.5050 (2.3543)
Epoch: [0][3200/6000]	Time 1.034 (1.040)	Loss 2.6126 (2.3529)
Epoch: [0][3210/6000]	Time 1.035 (1.040)	Loss 2.1417 (2.3527)
Epoch: [0][3220/6000]	Time 1.035 (1.040)	Loss 2.2682 (2.3535)
Epoch: [0][3230/6000]	Time 1.038 (1.040)	Loss 1.8021 (2.3531)
Epoch: [0][3240/6000]	Time 1.039 (1.040)	Loss 1.8255 (2.3530)
Epoch: [0][3250/6000]	Time 1.043 (1.040)	Loss 1.4655 (2.3530)
Epoch: [0][3260/6000]	Time 1.037 (1.040)	Loss 3.5627 (2.3526)
Epoch: [0][3270/6000]	Time 1.035 (1.040)	Loss 2.6734 (2.3514)
Epoch: [0][3280/6000]	Time 1.038 (1.040)	Loss 2.3787 (2.3505)
Epoch: [0][3290/6000]	Time 1.036 (1.040)	Loss 1.9072 (2.3501)
Epoch: [0][3300/6000]	Time 1.038 (1.040)	Loss 2.6600 (2.3500)
Epoch: [0][3310/6000]	Time 1.033 (1.040)	Loss 4.0648 (2.3492)
Epoch: [0][3320/6000]	Time 1.038 (1.040)	Loss 2.3336 (2.3493)
Epoch: [0][3330/6000]	Time 1.039 (1.040)	Loss 2.9300 (2.3486)
Epoch: [0][3340/6000]	Time 1.039 (1.040)	Loss 0.9847 (2.3474)
